{
  "RSpec": {
    "coverage": {
      "/Users/ahmedhallajian/Desktop/Projects/tech-tests/bank-tech-test/spec/bank_spec.rb": {
        "lines": [
          1,
          null,
          1,
          1,
          1,
          1,
          null,
          null,
          1,
          1,
          1,
          1,
          null,
          null,
          1,
          1,
          1,
          1,
          1,
          1,
          null,
          null,
          1,
          1,
          1,
          1,
          1,
          1,
          1,
          null,
          null,
          1,
          1,
          1,
          1,
          1,
          1,
          1,
          null,
          null,
          1,
          1,
          1,
          null,
          null,
          1,
          1,
          1,
          1,
          null,
          null
        ]
      },
      "/Users/ahmedhallajian/Desktop/Projects/tech-tests/bank-tech-test/lib/bank.rb": {
        "lines": [
          1,
          1,
          7,
          7,
          7,
          null,
          null,
          1,
          12,
          4,
          4,
          null,
          8,
          null,
          null,
          null,
          1,
          3,
          2,
          1,
          1,
          1,
          null,
          0,
          null,
          null,
          null,
          1,
          5,
          5,
          4,
          4,
          4,
          null,
          5,
          3,
          null,
          2,
          null,
          null,
          null,
          1,
          null,
          1,
          13,
          13,
          4,
          9,
          4,
          null,
          13,
          null,
          null,
          null
        ]
      }
    },
    "timestamp": 1661249304
  }
}
